2025-06-30T00:12:07.834+03:00  INFO 2763 --- [Summer_Hackathon] [restartedMain] r.m.t.s.SummerHackathonApplication       : Starting SummerHackathonApplication using Java 22.0.2 with PID 2763 (/Users/mac/IdeaProjects/Summer_Hackathon/target/classes started by mac in /Users/mac/IdeaProjects/Summer_Hackathon)
2025-06-30T00:12:07.834+03:00  INFO 2763 --- [Summer_Hackathon] [restartedMain] r.m.t.s.SummerHackathonApplication       : The following 1 profile is active: "dev"
2025-06-30T00:12:07.848+03:00  INFO 2763 --- [Summer_Hackathon] [restartedMain] .e.DevToolsPropertyDefaultsPostProcessor : Devtools property defaults active! Set 'spring.devtools.add-properties' to 'false' to disable
2025-06-30T00:12:07.848+03:00  INFO 2763 --- [Summer_Hackathon] [restartedMain] .e.DevToolsPropertyDefaultsPostProcessor : For additional web related logging consider setting the 'logging.level.web' property to 'DEBUG'
2025-06-30T00:12:08.353+03:00  INFO 2763 --- [Summer_Hackathon] [restartedMain] o.s.b.w.embedded.tomcat.TomcatWebServer  : Tomcat initialized with port 8080 (http)
2025-06-30T00:12:08.359+03:00  INFO 2763 --- [Summer_Hackathon] [restartedMain] o.apache.catalina.core.StandardService   : Starting service [Tomcat]
2025-06-30T00:12:08.359+03:00  INFO 2763 --- [Summer_Hackathon] [restartedMain] o.apache.catalina.core.StandardEngine    : Starting Servlet engine: [Apache Tomcat/10.1.42]
2025-06-30T00:12:08.371+03:00  INFO 2763 --- [Summer_Hackathon] [restartedMain] o.a.c.c.C.[Tomcat].[localhost].[/]       : Initializing Spring embedded WebApplicationContext
2025-06-30T00:12:08.372+03:00  INFO 2763 --- [Summer_Hackathon] [restartedMain] w.s.c.ServletWebServerApplicationContext : Root WebApplicationContext: initialization completed in 523 ms
2025-06-30T00:12:08.429+03:00  INFO 2763 --- [Summer_Hackathon] [restartedMain] com.zaxxer.hikari.HikariDataSource       : HikariPool-1 - Starting...
2025-06-30T00:12:09.459+03:00  WARN 2763 --- [Summer_Hackathon] [restartedMain] ConfigServletWebServerApplicationContext : Exception encountered during context initialization - cancelling refresh attempt: org.springframework.beans.factory.BeanCreationException: Error creating bean with name 'batchDataSourceInitializer' defined in class path resource [org/springframework/boot/autoconfigure/batch/BatchAutoConfiguration$DataSourceInitializerConfiguration.class]: Failed to instantiate [org.springframework.boot.autoconfigure.batch.BatchDataSourceScriptDatabaseInitializer]: Factory method 'batchDataSourceInitializer' threw exception with message: Failed to determine DatabaseDriver
2025-06-30T00:12:09.463+03:00  INFO 2763 --- [Summer_Hackathon] [restartedMain] o.apache.catalina.core.StandardService   : Stopping service [Tomcat]
2025-06-30T00:12:09.477+03:00  INFO 2763 --- [Summer_Hackathon] [restartedMain] .s.b.a.l.ConditionEvaluationReportLogger : 

Error starting ApplicationContext. To display the condition evaluation report re-run your application with 'debug' enabled.
2025-06-30T00:12:09.491+03:00 ERROR 2763 --- [Summer_Hackathon] [restartedMain] o.s.boot.SpringApplication               : Application run failed

org.springframework.beans.factory.BeanCreationException: Error creating bean with name 'batchDataSourceInitializer' defined in class path resource [org/springframework/boot/autoconfigure/batch/BatchAutoConfiguration$DataSourceInitializerConfiguration.class]: Failed to instantiate [org.springframework.boot.autoconfigure.batch.BatchDataSourceScriptDatabaseInitializer]: Factory method 'batchDataSourceInitializer' threw exception with message: Failed to determine DatabaseDriver
	at org.springframework.beans.factory.support.ConstructorResolver.instantiate(ConstructorResolver.java:657) ~[spring-beans-6.2.8.jar:6.2.8]
	at org.springframework.beans.factory.support.ConstructorResolver.instantiateUsingFactoryMethod(ConstructorResolver.java:645) ~[spring-beans-6.2.8.jar:6.2.8]
	at org.springframework.beans.factory.support.AbstractAutowireCapableBeanFactory.instantiateUsingFactoryMethod(AbstractAutowireCapableBeanFactory.java:1375) ~[spring-beans-6.2.8.jar:6.2.8]
	at org.springframework.beans.factory.support.AbstractAutowireCapableBeanFactory.createBeanInstance(AbstractAutowireCapableBeanFactory.java:1205) ~[spring-beans-6.2.8.jar:6.2.8]
	at org.springframework.beans.factory.support.AbstractAutowireCapableBeanFactory.doCreateBean(AbstractAutowireCapableBeanFactory.java:569) ~[spring-beans-6.2.8.jar:6.2.8]
	at org.springframework.beans.factory.support.AbstractAutowireCapableBeanFactory.createBean(AbstractAutowireCapableBeanFactory.java:529) ~[spring-beans-6.2.8.jar:6.2.8]
	at org.springframework.beans.factory.support.AbstractBeanFactory.lambda$doGetBean$0(AbstractBeanFactory.java:339) ~[spring-beans-6.2.8.jar:6.2.8]
	at org.springframework.beans.factory.support.DefaultSingletonBeanRegistry.getSingleton(DefaultSingletonBeanRegistry.java:373) ~[spring-beans-6.2.8.jar:6.2.8]
	at org.springframework.beans.factory.support.AbstractBeanFactory.doGetBean(AbstractBeanFactory.java:337) ~[spring-beans-6.2.8.jar:6.2.8]
	at org.springframework.beans.factory.support.AbstractBeanFactory.getBean(AbstractBeanFactory.java:202) ~[spring-beans-6.2.8.jar:6.2.8]
	at org.springframework.beans.factory.support.AbstractBeanFactory.doGetBean(AbstractBeanFactory.java:315) ~[spring-beans-6.2.8.jar:6.2.8]
	at org.springframework.beans.factory.support.AbstractBeanFactory.getBean(AbstractBeanFactory.java:202) ~[spring-beans-6.2.8.jar:6.2.8]
	at org.springframework.beans.factory.support.DefaultListableBeanFactory.instantiateSingleton(DefaultListableBeanFactory.java:1222) ~[spring-beans-6.2.8.jar:6.2.8]
	at org.springframework.beans.factory.support.DefaultListableBeanFactory.preInstantiateSingleton(DefaultListableBeanFactory.java:1188) ~[spring-beans-6.2.8.jar:6.2.8]
	at org.springframework.beans.factory.support.DefaultListableBeanFactory.preInstantiateSingletons(DefaultListableBeanFactory.java:1123) ~[spring-beans-6.2.8.jar:6.2.8]
	at org.springframework.context.support.AbstractApplicationContext.finishBeanFactoryInitialization(AbstractApplicationContext.java:987) ~[spring-context-6.2.8.jar:6.2.8]
	at org.springframework.context.support.AbstractApplicationContext.refresh(AbstractApplicationContext.java:627) ~[spring-context-6.2.8.jar:6.2.8]
	at org.springframework.boot.web.servlet.context.ServletWebServerApplicationContext.refresh(ServletWebServerApplicationContext.java:146) ~[spring-boot-3.5.3.jar:3.5.3]
	at org.springframework.boot.SpringApplication.refresh(SpringApplication.java:752) ~[spring-boot-3.5.3.jar:3.5.3]
	at org.springframework.boot.SpringApplication.refreshContext(SpringApplication.java:439) ~[spring-boot-3.5.3.jar:3.5.3]
	at org.springframework.boot.SpringApplication.run(SpringApplication.java:318) ~[spring-boot-3.5.3.jar:3.5.3]
	at org.springframework.boot.SpringApplication.run(SpringApplication.java:1361) ~[spring-boot-3.5.3.jar:3.5.3]
	at org.springframework.boot.SpringApplication.run(SpringApplication.java:1350) ~[spring-boot-3.5.3.jar:3.5.3]
	at rut.miit.tech.summer_hackathon.SummerHackathonApplication.main(SummerHackathonApplication.java:10) ~[classes/:na]
	at java.base/jdk.internal.reflect.DirectMethodHandleAccessor.invoke(DirectMethodHandleAccessor.java:103) ~[na:na]
	at java.base/java.lang.reflect.Method.invoke(Method.java:580) ~[na:na]
	at org.springframework.boot.devtools.restart.RestartLauncher.run(RestartLauncher.java:50) ~[spring-boot-devtools-3.5.3.jar:3.5.3]
Caused by: org.springframework.beans.BeanInstantiationException: Failed to instantiate [org.springframework.boot.autoconfigure.batch.BatchDataSourceScriptDatabaseInitializer]: Factory method 'batchDataSourceInitializer' threw exception with message: Failed to determine DatabaseDriver
	at org.springframework.beans.factory.support.SimpleInstantiationStrategy.lambda$instantiate$0(SimpleInstantiationStrategy.java:199) ~[spring-beans-6.2.8.jar:6.2.8]
	at org.springframework.beans.factory.support.SimpleInstantiationStrategy.instantiateWithFactoryMethod(SimpleInstantiationStrategy.java:88) ~[spring-beans-6.2.8.jar:6.2.8]
	at org.springframework.beans.factory.support.SimpleInstantiationStrategy.instantiate(SimpleInstantiationStrategy.java:168) ~[spring-beans-6.2.8.jar:6.2.8]
	at org.springframework.beans.factory.support.ConstructorResolver.instantiate(ConstructorResolver.java:653) ~[spring-beans-6.2.8.jar:6.2.8]
	... 26 common frames omitted
Caused by: java.lang.IllegalStateException: Failed to determine DatabaseDriver
	at org.springframework.boot.jdbc.init.PlatformPlaceholderDatabaseDriverResolver.getDatabaseDriver(PlatformPlaceholderDatabaseDriverResolver.java:144) ~[spring-boot-3.5.3.jar:3.5.3]
	at org.springframework.boot.jdbc.init.PlatformPlaceholderDatabaseDriverResolver.determinePlatform(PlatformPlaceholderDatabaseDriverResolver.java:132) ~[spring-boot-3.5.3.jar:3.5.3]
	at org.springframework.boot.jdbc.init.PlatformPlaceholderDatabaseDriverResolver.lambda$resolveAll$0(PlatformPlaceholderDatabaseDriverResolver.java:97) ~[spring-boot-3.5.3.jar:3.5.3]
	at org.springframework.boot.jdbc.init.PlatformPlaceholderDatabaseDriverResolver.resolveAll(PlatformPlaceholderDatabaseDriverResolver.java:122) ~[spring-boot-3.5.3.jar:3.5.3]
	at org.springframework.boot.jdbc.init.PlatformPlaceholderDatabaseDriverResolver.resolveAll(PlatformPlaceholderDatabaseDriverResolver.java:97) ~[spring-boot-3.5.3.jar:3.5.3]
	at org.springframework.boot.autoconfigure.batch.BatchDataSourceScriptDatabaseInitializer.resolveSchemaLocations(BatchDataSourceScriptDatabaseInitializer.java:83) ~[spring-boot-autoconfigure-3.5.3.jar:3.5.3]
	at org.springframework.boot.autoconfigure.batch.BatchDataSourceScriptDatabaseInitializer.getSettings(BatchDataSourceScriptDatabaseInitializer.java:72) ~[spring-boot-autoconfigure-3.5.3.jar:3.5.3]
	at org.springframework.boot.autoconfigure.batch.BatchDataSourceScriptDatabaseInitializer.<init>(BatchDataSourceScriptDatabaseInitializer.java:47) ~[spring-boot-autoconfigure-3.5.3.jar:3.5.3]
	at org.springframework.boot.autoconfigure.batch.BatchAutoConfiguration$DataSourceInitializerConfiguration.batchDataSourceInitializer(BatchAutoConfiguration.java:197) ~[spring-boot-autoconfigure-3.5.3.jar:3.5.3]
	at java.base/jdk.internal.reflect.DirectMethodHandleAccessor.invoke(DirectMethodHandleAccessor.java:103) ~[na:na]
	at java.base/java.lang.reflect.Method.invoke(Method.java:580) ~[na:na]
	at org.springframework.beans.factory.support.SimpleInstantiationStrategy.lambda$instantiate$0(SimpleInstantiationStrategy.java:171) ~[spring-beans-6.2.8.jar:6.2.8]
	... 29 common frames omitted
Caused by: org.springframework.jdbc.support.MetaDataAccessException: Could not get Connection for extracting meta-data
	at org.springframework.jdbc.support.JdbcUtils.extractDatabaseMetaData(JdbcUtils.java:357) ~[spring-jdbc-6.2.8.jar:6.2.8]
	at org.springframework.boot.jdbc.init.PlatformPlaceholderDatabaseDriverResolver.getDatabaseDriver(PlatformPlaceholderDatabaseDriverResolver.java:140) ~[spring-boot-3.5.3.jar:3.5.3]
	... 40 common frames omitted
Caused by: org.springframework.jdbc.CannotGetJdbcConnectionException: Failed to obtain JDBC Connection
	at org.springframework.jdbc.datasource.DataSourceUtils.getConnection(DataSourceUtils.java:84) ~[spring-jdbc-6.2.8.jar:6.2.8]
	at org.springframework.jdbc.support.JdbcUtils.extractDatabaseMetaData(JdbcUtils.java:331) ~[spring-jdbc-6.2.8.jar:6.2.8]
	... 41 common frames omitted
Caused by: org.postgresql.util.PSQLException: FATAL: database "hackathon" does not exist
	at org.postgresql.core.v3.QueryExecutorImpl.receiveErrorResponse(QueryExecutorImpl.java:2734) ~[postgresql-42.7.7.jar:42.7.7]
	at org.postgresql.core.v3.QueryExecutorImpl.readStartupMessages(QueryExecutorImpl.java:2859) ~[postgresql-42.7.7.jar:42.7.7]
	at org.postgresql.core.v3.QueryExecutorImpl.<init>(QueryExecutorImpl.java:178) ~[postgresql-42.7.7.jar:42.7.7]
	at org.postgresql.core.v3.ConnectionFactoryImpl.openConnectionImpl(ConnectionFactoryImpl.java:344) ~[postgresql-42.7.7.jar:42.7.7]
	at org.postgresql.core.ConnectionFactory.openConnection(ConnectionFactory.java:57) ~[postgresql-42.7.7.jar:42.7.7]
	at org.postgresql.jdbc.PgConnection.<init>(PgConnection.java:277) ~[postgresql-42.7.7.jar:42.7.7]
	at org.postgresql.Driver.makeConnection(Driver.java:448) ~[postgresql-42.7.7.jar:42.7.7]
	at org.postgresql.Driver.connect(Driver.java:298) ~[postgresql-42.7.7.jar:42.7.7]
	at com.zaxxer.hikari.util.DriverDataSource.getConnection(DriverDataSource.java:139) ~[HikariCP-6.3.0.jar:na]
	at com.zaxxer.hikari.pool.PoolBase.newConnection(PoolBase.java:368) ~[HikariCP-6.3.0.jar:na]
	at com.zaxxer.hikari.pool.PoolBase.newPoolEntry(PoolBase.java:205) ~[HikariCP-6.3.0.jar:na]
	at com.zaxxer.hikari.pool.HikariPool.createPoolEntry(HikariPool.java:483) ~[HikariCP-6.3.0.jar:na]
	at com.zaxxer.hikari.pool.HikariPool.checkFailFast(HikariPool.java:571) ~[HikariCP-6.3.0.jar:na]
	at com.zaxxer.hikari.pool.HikariPool.<init>(HikariPool.java:101) ~[HikariCP-6.3.0.jar:na]
	at com.zaxxer.hikari.HikariDataSource.getConnection(HikariDataSource.java:111) ~[HikariCP-6.3.0.jar:na]
	at org.springframework.jdbc.datasource.DataSourceUtils.fetchConnection(DataSourceUtils.java:160) ~[spring-jdbc-6.2.8.jar:6.2.8]
	at org.springframework.jdbc.datasource.DataSourceUtils.doGetConnection(DataSourceUtils.java:118) ~[spring-jdbc-6.2.8.jar:6.2.8]
	at org.springframework.jdbc.datasource.DataSourceUtils.getConnection(DataSourceUtils.java:81) ~[spring-jdbc-6.2.8.jar:6.2.8]
	... 42 common frames omitted

2025-06-30T00:12:35.013+03:00  INFO 2789 --- [Summer_Hackathon] [restartedMain] r.m.t.s.SummerHackathonApplication       : Starting SummerHackathonApplication using Java 22.0.2 with PID 2789 (/Users/mac/IdeaProjects/Summer_Hackathon/target/classes started by mac in /Users/mac/IdeaProjects/Summer_Hackathon)
2025-06-30T00:12:35.014+03:00  INFO 2789 --- [Summer_Hackathon] [restartedMain] r.m.t.s.SummerHackathonApplication       : The following 1 profile is active: "dev"
2025-06-30T00:12:35.028+03:00  INFO 2789 --- [Summer_Hackathon] [restartedMain] .e.DevToolsPropertyDefaultsPostProcessor : Devtools property defaults active! Set 'spring.devtools.add-properties' to 'false' to disable
2025-06-30T00:12:35.028+03:00  INFO 2789 --- [Summer_Hackathon] [restartedMain] .e.DevToolsPropertyDefaultsPostProcessor : For additional web related logging consider setting the 'logging.level.web' property to 'DEBUG'
2025-06-30T00:12:35.519+03:00  INFO 2789 --- [Summer_Hackathon] [restartedMain] o.s.b.w.embedded.tomcat.TomcatWebServer  : Tomcat initialized with port 8080 (http)
2025-06-30T00:12:35.525+03:00  INFO 2789 --- [Summer_Hackathon] [restartedMain] o.apache.catalina.core.StandardService   : Starting service [Tomcat]
2025-06-30T00:12:35.525+03:00  INFO 2789 --- [Summer_Hackathon] [restartedMain] o.apache.catalina.core.StandardEngine    : Starting Servlet engine: [Apache Tomcat/10.1.42]
2025-06-30T00:12:35.537+03:00  INFO 2789 --- [Summer_Hackathon] [restartedMain] o.a.c.c.C.[Tomcat].[localhost].[/]       : Initializing Spring embedded WebApplicationContext
2025-06-30T00:12:35.537+03:00  INFO 2789 --- [Summer_Hackathon] [restartedMain] w.s.c.ServletWebServerApplicationContext : Root WebApplicationContext: initialization completed in 509 ms
2025-06-30T00:12:35.595+03:00  INFO 2789 --- [Summer_Hackathon] [restartedMain] com.zaxxer.hikari.HikariDataSource       : HikariPool-1 - Starting...
2025-06-30T00:12:35.628+03:00  INFO 2789 --- [Summer_Hackathon] [restartedMain] com.zaxxer.hikari.pool.HikariPool        : HikariPool-1 - Added connection org.postgresql.jdbc.PgConnection@2226d3ed
2025-06-30T00:12:35.628+03:00  INFO 2789 --- [Summer_Hackathon] [restartedMain] com.zaxxer.hikari.HikariDataSource       : HikariPool-1 - Start completed.
2025-06-30T00:12:35.782+03:00  WARN 2789 --- [Summer_Hackathon] [restartedMain] ion$DefaultTemplateResolverConfiguration : Cannot find template location: classpath:/templates/ (please add some templates, check your Thymeleaf configuration, or set spring.thymeleaf.check-template-location=false)
2025-06-30T00:12:35.892+03:00  WARN 2789 --- [Summer_Hackathon] [restartedMain] .s.s.UserDetailsServiceAutoConfiguration : 

Using generated security password: 6fc31159-86c3-49a3-be32-87fe9be2745b

This generated password is for development use only. Your security configuration must be updated before running your application in production.

2025-06-30T00:12:35.895+03:00  INFO 2789 --- [Summer_Hackathon] [restartedMain] r$InitializeUserDetailsManagerConfigurer : Global AuthenticationManager configured with UserDetailsService bean with name inMemoryUserDetailsManager
2025-06-30T00:12:35.946+03:00  INFO 2789 --- [Summer_Hackathon] [restartedMain] .w.s.a.s.AnnotationActionEndpointMapping : Supporting [WS-Addressing August 2004, WS-Addressing 1.0]
2025-06-30T00:12:35.954+03:00  INFO 2789 --- [Summer_Hackathon] [restartedMain] o.s.b.d.a.OptionalLiveReloadServer       : LiveReload server is running on port 35729
2025-06-30T00:12:35.983+03:00  INFO 2789 --- [Summer_Hackathon] [restartedMain] o.s.b.w.embedded.tomcat.TomcatWebServer  : Tomcat started on port 8080 (http) with context path '/'
2025-06-30T00:12:35.987+03:00  INFO 2789 --- [Summer_Hackathon] [restartedMain] r.m.t.s.SummerHackathonApplication       : Started SummerHackathonApplication in 1.142 seconds (process running for 1.418)
2025-06-30T00:12:35.988+03:00  INFO 2789 --- [Summer_Hackathon] [restartedMain] o.s.b.a.b.JobLauncherApplicationRunner   : Running default command line with: []
2025-06-30T00:12:43.423+03:00  INFO 2789 --- [Summer_Hackathon] [File Watcher] rtingClassPathChangeChangedEventListener : Restarting due to 2 class path changes (0 additions, 0 deletions, 2 modifications)
2025-06-30T00:12:43.429+03:00  INFO 2789 --- [Summer_Hackathon] [Thread-5] o.s.b.w.e.tomcat.GracefulShutdown        : Commencing graceful shutdown. Waiting for active requests to complete
2025-06-30T00:12:43.435+03:00  INFO 2789 --- [Summer_Hackathon] [tomcat-shutdown] o.s.b.w.e.tomcat.GracefulShutdown        : Graceful shutdown complete
2025-06-30T00:12:43.463+03:00  INFO 2789 --- [Summer_Hackathon] [Thread-5] com.zaxxer.hikari.HikariDataSource       : HikariPool-1 - Shutdown initiated...
2025-06-30T00:12:43.464+03:00  INFO 2789 --- [Summer_Hackathon] [Thread-5] com.zaxxer.hikari.HikariDataSource       : HikariPool-1 - Shutdown completed.
2025-06-30T00:12:43.503+03:00  INFO 2789 --- [Summer_Hackathon] [restartedMain] r.m.t.s.SummerHackathonApplication       : Starting SummerHackathonApplication using Java 22.0.2 with PID 2789 (/Users/mac/IdeaProjects/Summer_Hackathon/target/classes started by mac in /Users/mac/IdeaProjects/Summer_Hackathon)
2025-06-30T00:12:43.503+03:00  INFO 2789 --- [Summer_Hackathon] [restartedMain] r.m.t.s.SummerHackathonApplication       : The following 1 profile is active: "dev"
2025-06-30T00:12:43.601+03:00  INFO 2789 --- [Summer_Hackathon] [restartedMain] o.s.b.w.embedded.tomcat.TomcatWebServer  : Tomcat initialized with port 8080 (http)
2025-06-30T00:12:43.601+03:00  INFO 2789 --- [Summer_Hackathon] [restartedMain] o.apache.catalina.core.StandardService   : Starting service [Tomcat]
2025-06-30T00:12:43.601+03:00  INFO 2789 --- [Summer_Hackathon] [restartedMain] o.apache.catalina.core.StandardEngine    : Starting Servlet engine: [Apache Tomcat/10.1.42]
2025-06-30T00:12:43.606+03:00  INFO 2789 --- [Summer_Hackathon] [restartedMain] o.a.c.c.C.[Tomcat].[localhost].[/]       : Initializing Spring embedded WebApplicationContext
2025-06-30T00:12:43.606+03:00  INFO 2789 --- [Summer_Hackathon] [restartedMain] w.s.c.ServletWebServerApplicationContext : Root WebApplicationContext: initialization completed in 102 ms
2025-06-30T00:12:43.622+03:00  INFO 2789 --- [Summer_Hackathon] [restartedMain] com.zaxxer.hikari.HikariDataSource       : HikariPool-2 - Starting...
2025-06-30T00:12:43.627+03:00  INFO 2789 --- [Summer_Hackathon] [restartedMain] com.zaxxer.hikari.pool.HikariPool        : HikariPool-2 - Added connection org.postgresql.jdbc.PgConnection@1cea11fc
2025-06-30T00:12:43.627+03:00  INFO 2789 --- [Summer_Hackathon] [restartedMain] com.zaxxer.hikari.HikariDataSource       : HikariPool-2 - Start completed.
2025-06-30T00:12:43.670+03:00  WARN 2789 --- [Summer_Hackathon] [restartedMain] ion$DefaultTemplateResolverConfiguration : Cannot find template location: classpath:/templates/ (please add some templates, check your Thymeleaf configuration, or set spring.thymeleaf.check-template-location=false)
2025-06-30T00:12:43.714+03:00  WARN 2789 --- [Summer_Hackathon] [restartedMain] .s.s.UserDetailsServiceAutoConfiguration : 

Using generated security password: da057bf9-6808-450c-b395-52e8e0ed414f

This generated password is for development use only. Your security configuration must be updated before running your application in production.

2025-06-30T00:12:43.714+03:00  INFO 2789 --- [Summer_Hackathon] [restartedMain] r$InitializeUserDetailsManagerConfigurer : Global AuthenticationManager configured with UserDetailsService bean with name inMemoryUserDetailsManager
2025-06-30T00:12:43.728+03:00  INFO 2789 --- [Summer_Hackathon] [restartedMain] .w.s.a.s.AnnotationActionEndpointMapping : Supporting [WS-Addressing August 2004, WS-Addressing 1.0]
2025-06-30T00:12:43.731+03:00  INFO 2789 --- [Summer_Hackathon] [restartedMain] o.s.b.d.a.OptionalLiveReloadServer       : LiveReload server is running on port 35729
2025-06-30T00:12:43.738+03:00  INFO 2789 --- [Summer_Hackathon] [restartedMain] o.s.b.w.embedded.tomcat.TomcatWebServer  : Tomcat started on port 8080 (http) with context path '/'
2025-06-30T00:12:43.740+03:00  INFO 2789 --- [Summer_Hackathon] [restartedMain] r.m.t.s.SummerHackathonApplication       : Started SummerHackathonApplication in 0.248 seconds (process running for 9.171)
2025-06-30T00:12:43.740+03:00  INFO 2789 --- [Summer_Hackathon] [restartedMain] o.s.b.a.b.JobLauncherApplicationRunner   : Running default command line with: []
2025-06-30T00:12:43.741+03:00  INFO 2789 --- [Summer_Hackathon] [restartedMain] .ConditionEvaluationDeltaLoggingListener : Condition evaluation unchanged
